<?xml version="1.0" encoding="UTF-8"?>
<!-- Generated by org.testng.reporters.JUnitXMLReporter -->
<testsuite ignored="0" hostname="DESKTOP-UD10CJI" failures="0" tests="10" name="Default test" time="31.844" errors="0" timestamp="2024-07-16T17:40:17 CEST">
  <testcase classname="pageObj_Main.TC_All" name="username" time="4.458"/>
  <testcase classname="pageObj_Main.TC_All" name="cart" time="9.222"/>
  <testcase classname="pageObj_Main.TC_All" name="clickCart" time="3.122"/>
  <testcase classname="pageObj_Main.TC_All" name="confirm" time="0.033"/>
  <testcase classname="pageObj_Main.TC_All" name="allitems" time="0.222"/>
  <testcase classname="pageObj_Main.TC_All" name="Checkout" time="2.426"/>
  <testcase classname="pageObj_Main.TC_All" name="Email" time="0.149"/>
  <testcase classname="pageObj_Main.TC_All" name="ccCard" time="0.425"/>
  <testcase classname="pageObj_Main.TC_All" name="CMonth" time="0.528"/>
  <testcase classname="pageObj_Main.TC_All" name="cardCVV" time="2.764"/>
</testsuite> <!-- Default test -->
