<?xml version="1.0" encoding="UTF-8"?>
<!-- Generated by org.testng.reporters.JUnitXMLReporter -->
<testsuite ignored="0" hostname="DESKTOP-UD10CJI" failures="0" tests="10" name="Default test" time="28.215" errors="0" timestamp="2024-07-16T04:12:33 CEST">
  <testcase classname="pageObj_Main.TC_All" name="username" time="4.41"/>
  <testcase classname="pageObj_Main.TC_All" name="cart" time="9.371"/>
  <testcase classname="pageObj_Main.TC_All" name="clickCart" time="3.112"/>
  <testcase classname="pageObj_Main.TC_All" name="confirm" time="0.033"/>
  <testcase classname="pageObj_Main.TC_All" name="allitems" time="0.178"/>
  <testcase classname="pageObj_Main.TC_All" name="Checkout" time="2.435"/>
  <testcase classname="pageObj_Main.TC_All" name="Email" time="0.155"/>
  <testcase classname="pageObj_Main.TC_All" name="ccCard" time="0.406"/>
  <testcase classname="pageObj_Main.TC_All" name="CMonth" time="0.504"/>
  <testcase classname="pageObj_Main.TC_All" name="cardCVV" time="2.732"/>
</testsuite> <!-- Default test -->
