<?xml version="1.0" encoding="UTF-8"?>
<!-- Generated by org.testng.reporters.JUnitXMLReporter -->
<testsuite ignored="0" hostname="DESKTOP-UD10CJI" failures="0" tests="13" name="Test" time="45.32" errors="0" timestamp="2024-07-17T14:11:08 CEST">
  <testcase classname="Test_Main.TC01_LogIn" name="username" time="2.394"/>
  <testcase classname="Test_Main.TC01_LogIn" name="HomeBtn" time="2.069"/>
  <testcase classname="pageObj_Main.TC_All" name="username" time="4.396"/>
  <testcase classname="pageObj_Main.TC_All" name="cart" time="9.336"/>
  <testcase classname="pageObj_Main.TC_All" name="clickCart" time="3.153"/>
  <testcase classname="pageObj_Main.TC_All" name="confirm" time="0.038"/>
  <testcase classname="pageObj_Main.TC_All" name="allitems" time="0.339"/>
  <testcase classname="pageObj_Main.TC_All" name="Checkout" time="2.432"/>
  <testcase classname="pageObj_Main.TC_All" name="Email" time="0.268"/>
  <testcase classname="pageObj_Main.TC_All" name="ccCard" time="0.719"/>
  <testcase classname="pageObj_Main.TC_All" name="CMonth" time="0.59"/>
  <testcase classname="pageObj_Main.TC_All" name="cardCVV" time="1.755"/>
  <testcase classname="pageObj_Main.TC_All" name="orderConfirm" time="3.085"/>
</testsuite> <!-- Test -->
