<?xml version="1.0" encoding="UTF-8"?>
<testsuite xmlns:xsi="http://www.w3.org/2001/XMLSchema-instance" xsi:noNamespaceSchemaLocation="https://maven.apache.org/surefire/maven-surefire-plugin/xsd/surefire-test-report.xsd" version="3.0.2" name="TestSuite" time="46.487" tests="13" errors="0" skipped="0" failures="0">
  <properties>
[...]
</properties>
  <testcase name="username" classname="Test_Main.TC01_LogIn" time="2.444">
    <system-out><![CDATA[Let's Shop
]]></system-out>
    <system-err><![CDATA[Jul 17, 2024 5:20:11 PM org.openqa.selenium.devtools.CdpVersionFinder findNearestMatch
WARNING: Unable to find an exact match for CDP version 126, returning the closest version; found: 124; Please update to a Selenium version that supports CDP version 126
]]></system-err>
  </testcase>
  <testcase name="HomeBtn" classname="Test_Main.TC01_LogIn" time="2.056">
    <system-out><![CDATA[HOME page is displayed Successfuly
]]></system-out>
  </testcase>
  <testcase name="username" classname="pageObj_Main.TC_All" time="4.396">
    <system-out><![CDATA[Let's Shop
HOME page is displayed Successfuly
]]></system-out>
    <system-err><![CDATA[Jul 17, 2024 5:20:22 PM org.openqa.selenium.devtools.CdpVersionFinder findNearestMatch
WARNING: Unable to find an exact match for CDP version 126, returning the closest version; found: 124; Please update to a Selenium version that supports CDP version 126
]]></system-err>
  </testcase>
  <testcase name="cart" classname="pageObj_Main.TC_All" time="9.454"/>
  <testcase name="clickCart" classname="pageObj_Main.TC_All" time="3.142"/>
  <testcase name="confirm" classname="pageObj_Main.TC_All" time="0.034"/>
  <testcase name="allitems" classname="pageObj_Main.TC_All" time="0.251">
    <system-out><![CDATA[The items in cart : ZARA COAT 3
The items in cart : ADIDAS ORIGINAL
The items in cart : IPHONE 13 PRO
]]></system-out>
  </testcase>
  <testcase name="Checkout" classname="pageObj_Main.TC_All" time="2.428"/>
  <testcase name="Email" classname="pageObj_Main.TC_All" time="0.247"/>
  <testcase name="ccCard" classname="pageObj_Main.TC_All" time="0.49"/>
  <testcase name="CMonth" classname="pageObj_Main.TC_All" time="0.613"/>
  <testcase name="cardCVV" classname="pageObj_Main.TC_All" time="1.718"/>
  <testcase name="orderConfirm" classname="pageObj_Main.TC_All" time="3.063">
    <system-out><![CDATA[Order display message: THANKYOU FOR THE ORDER.
]]></system-out>
  </testcase>
</testsuite>