<?xml version="1.0" encoding="UTF-8"?>
<testng-results ignored="0" total="13" passed="13" failed="0" skipped="0">
  <reporter-output>
  </reporter-output>
  <suite started-at="2024-07-20T14:37:20 CEST" name="AllTests" finished-at="2024-07-20T14:38:09 CEST" duration-ms="49210">
    <groups>
    </groups>
    <test started-at="2024-07-20T14:37:20 CEST" name="Test" finished-at="2024-07-20T14:38:09 CEST" duration-ms="49210">
      <class name="Test_Main.TC01_LogIn">
        <test-method is-config="true" signature="start()[pri:0, instance:Test_Main.TC01_LogIn@12dae582]" started-at="2024-07-20T14:37:20 CEST" name="start" finished-at="2024-07-20T14:37:26 CEST" duration-ms="6454" status="PASS">
          <reporter-output>
          </reporter-output>
        </test-method> <!-- start -->
        <test-method signature="username()[pri:1, instance:Test_Main.TC01_LogIn@12dae582]" started-at="2024-07-20T14:37:26 CEST" name="username" finished-at="2024-07-20T14:37:29 CEST" duration-ms="3039" status="PASS">
          <reporter-output>
          </reporter-output>
        </test-method> <!-- username -->
        <test-method signature="HomeBtn()[pri:2, instance:Test_Main.TC01_LogIn@12dae582]" started-at="2024-07-20T14:37:29 CEST" name="HomeBtn" finished-at="2024-07-20T14:37:31 CEST" duration-ms="2074" status="PASS">
          <reporter-output>
          </reporter-output>
        </test-method> <!-- HomeBtn -->
        <test-method is-config="true" signature="teardown()[pri:0, instance:Test_Main.TC01_LogIn@12dae582]" started-at="2024-07-20T14:37:31 CEST" name="teardown" finished-at="2024-07-20T14:37:34 CEST" duration-ms="2492" status="PASS">
          <reporter-output>
          </reporter-output>
        </test-method> <!-- teardown -->
      </class> <!-- Test_Main.TC01_LogIn -->
      <class name="pageObj_Main.TC_All">
        <test-method is-config="true" signature="start()[pri:0, instance:pageObj_Main.TC_All@5b057c8c]" started-at="2024-07-20T14:37:34 CEST" name="start" finished-at="2024-07-20T14:37:39 CEST" duration-ms="5698" status="PASS">
          <reporter-output>
          </reporter-output>
        </test-method> <!-- start -->
        <test-method signature="username()[pri:1, instance:pageObj_Main.TC_All@5b057c8c]" started-at="2024-07-20T14:37:39 CEST" name="username" finished-at="2024-07-20T14:37:45 CEST" duration-ms="5101" status="PASS">
          <reporter-output>
          </reporter-output>
        </test-method> <!-- username -->
        <test-method signature="cart()[pri:3, instance:pageObj_Main.TC_All@5b057c8c]" started-at="2024-07-20T14:37:45 CEST" name="cart" finished-at="2024-07-20T14:37:54 CEST" duration-ms="9551" status="PASS">
          <reporter-output>
          </reporter-output>
        </test-method> <!-- cart -->
        <test-method signature="clickCart()[pri:4, instance:pageObj_Main.TC_All@5b057c8c]" started-at="2024-07-20T14:37:54 CEST" name="clickCart" finished-at="2024-07-20T14:37:57 CEST" duration-ms="3132" status="PASS">
          <reporter-output>
          </reporter-output>
        </test-method> <!-- clickCart -->
        <test-method signature="confirm()[pri:5, instance:pageObj_Main.TC_All@5b057c8c]" started-at="2024-07-20T14:37:57 CEST" name="confirm" finished-at="2024-07-20T14:37:57 CEST" duration-ms="39" status="PASS">
          <reporter-output>
          </reporter-output>
        </test-method> <!-- confirm -->
        <test-method signature="allitems()[pri:6, instance:pageObj_Main.TC_All@5b057c8c]" started-at="2024-07-20T14:37:57 CEST" name="allitems" finished-at="2024-07-20T14:37:57 CEST" duration-ms="182" status="PASS">
          <reporter-output>
          </reporter-output>
        </test-method> <!-- allitems -->
        <test-method signature="Checkout()[pri:7, instance:pageObj_Main.TC_All@5b057c8c]" started-at="2024-07-20T14:37:57 CEST" name="Checkout" finished-at="2024-07-20T14:38:00 CEST" duration-ms="2471" status="PASS">
          <reporter-output>
          </reporter-output>
        </test-method> <!-- Checkout -->
        <test-method signature="Email()[pri:8, instance:pageObj_Main.TC_All@5b057c8c]" started-at="2024-07-20T14:38:00 CEST" name="Email" finished-at="2024-07-20T14:38:00 CEST" duration-ms="349" status="PASS">
          <reporter-output>
          </reporter-output>
        </test-method> <!-- Email -->
        <test-method signature="ccCard()[pri:9, instance:pageObj_Main.TC_All@5b057c8c]" started-at="2024-07-20T14:38:00 CEST" name="ccCard" finished-at="2024-07-20T14:38:01 CEST" duration-ms="518" status="PASS">
          <reporter-output>
          </reporter-output>
        </test-method> <!-- ccCard -->
        <test-method signature="CMonth()[pri:10, instance:pageObj_Main.TC_All@5b057c8c]" started-at="2024-07-20T14:38:01 CEST" name="CMonth" finished-at="2024-07-20T14:38:02 CEST" duration-ms="893" status="PASS">
          <reporter-output>
          </reporter-output>
        </test-method> <!-- CMonth -->
        <test-method signature="cardCVV()[pri:11, instance:pageObj_Main.TC_All@5b057c8c]" started-at="2024-07-20T14:38:02 CEST" name="cardCVV" finished-at="2024-07-20T14:38:03 CEST" duration-ms="1726" status="PASS">
          <reporter-output>
          </reporter-output>
        </test-method> <!-- cardCVV -->
        <test-method signature="orderConfirm()[pri:12, instance:pageObj_Main.TC_All@5b057c8c]" started-at="2024-07-20T14:38:03 CEST" name="orderConfirm" finished-at="2024-07-20T14:38:06 CEST" duration-ms="3034" status="PASS">
          <reporter-output>
          </reporter-output>
        </test-method> <!-- orderConfirm -->
        <test-method is-config="true" signature="teardown()[pri:0, instance:pageObj_Main.TC_All@5b057c8c]" started-at="2024-07-20T14:38:06 CEST" name="teardown" finished-at="2024-07-20T14:38:09 CEST" duration-ms="2307" status="PASS">
          <reporter-output>
          </reporter-output>
        </test-method> <!-- teardown -->
      </class> <!-- pageObj_Main.TC_All -->
    </test> <!-- Test -->
  </suite> <!-- AllTests -->
</testng-results>
