<?xml version="1.0" encoding="UTF-8"?>
<!-- Generated by org.testng.reporters.JUnitXMLReporter -->
<testsuite ignored="0" hostname="DESKTOP-UD10CJI" failures="0" tests="13" name="Test" time="49.21" errors="0" timestamp="2024-07-20T14:38:09 CEST">
  <testcase classname="Test_Main.TC01_LogIn" name="username" time="3.039"/>
  <testcase classname="Test_Main.TC01_LogIn" name="HomeBtn" time="2.074"/>
  <testcase classname="pageObj_Main.TC_All" name="username" time="5.101"/>
  <testcase classname="pageObj_Main.TC_All" name="cart" time="9.551"/>
  <testcase classname="pageObj_Main.TC_All" name="clickCart" time="3.132"/>
  <testcase classname="pageObj_Main.TC_All" name="confirm" time="0.039"/>
  <testcase classname="pageObj_Main.TC_All" name="allitems" time="0.182"/>
  <testcase classname="pageObj_Main.TC_All" name="Checkout" time="2.471"/>
  <testcase classname="pageObj_Main.TC_All" name="Email" time="0.349"/>
  <testcase classname="pageObj_Main.TC_All" name="ccCard" time="0.518"/>
  <testcase classname="pageObj_Main.TC_All" name="CMonth" time="0.893"/>
  <testcase classname="pageObj_Main.TC_All" name="cardCVV" time="1.726"/>
  <testcase classname="pageObj_Main.TC_All" name="orderConfirm" time="3.034"/>
</testsuite> <!-- Test -->
