<?xml version="1.0" encoding="UTF-8"?>
<testng-results ignored="0" total="2" passed="2" failed="0" skipped="0">
  <reporter-output>
  </reporter-output>
  <suite started-at="2024-07-22T17:11:32 CEST" name="AllTests" finished-at="2024-07-22T17:12:18 CEST" duration-ms="45298">
    <groups>
    </groups>
    <test started-at="2024-07-22T17:11:32 CEST" name="Test" finished-at="2024-07-22T17:12:18 CEST" duration-ms="45298">
      <class name="Test_Main.TC01_LogIn">
        <test-method is-config="true" signature="start()[pri:0, instance:Test_Main.TC01_LogIn@b9b00e0]" started-at="2024-07-22T17:11:32 CEST" name="start" finished-at="2024-07-22T17:11:38 CEST" duration-ms="5415" status="PASS">
          <reporter-output>
          </reporter-output>
        </test-method> <!-- start -->
        <test-method signature="username()[pri:1, instance:Test_Main.TC01_LogIn@b9b00e0]" started-at="2024-07-22T17:11:38 CEST" name="username" finished-at="2024-07-22T17:11:42 CEST" duration-ms="4448" status="PASS">
          <reporter-output>
          </reporter-output>
        </test-method> <!-- username -->
        <test-method is-config="true" signature="teardown()[pri:0, instance:Test_Main.TC01_LogIn@b9b00e0]" started-at="2024-07-22T17:11:42 CEST" name="teardown" finished-at="2024-07-22T17:11:46 CEST" duration-ms="3856" status="PASS">
          <reporter-output>
          </reporter-output>
        </test-method> <!-- teardown -->
      </class> <!-- Test_Main.TC01_LogIn -->
      <class name="Test_Main.TC04_MyOrder">
        <test-method is-config="true" signature="start()[pri:0, instance:Test_Main.TC04_MyOrder@2e6a8155]" started-at="2024-07-22T17:11:46 CEST" name="start" finished-at="2024-07-22T17:11:51 CEST" duration-ms="4849" status="PASS">
          <reporter-output>
          </reporter-output>
        </test-method> <!-- start -->
        <test-method is-config="true" signature="login()[pri:0, instance:Test_Main.TC04_MyOrder@2e6a8155]" started-at="2024-07-22T17:11:51 CEST" name="login" finished-at="2024-07-22T17:11:53 CEST" duration-ms="2435" status="PASS">
          <reporter-output>
          </reporter-output>
        </test-method> <!-- login -->
        <test-method signature="Email()[pri:2, instance:Test_Main.TC04_MyOrder@2e6a8155]" started-at="2024-07-22T17:11:53 CEST" name="Email" finished-at="2024-07-22T17:12:15 CEST" duration-ms="21842" status="PASS">
          <reporter-output>
          </reporter-output>
        </test-method> <!-- Email -->
        <test-method is-config="true" signature="teardown()[pri:0, instance:Test_Main.TC04_MyOrder@2e6a8155]" started-at="2024-07-22T17:12:15 CEST" name="teardown" finished-at="2024-07-22T17:12:18 CEST" duration-ms="2399" status="PASS">
          <reporter-output>
          </reporter-output>
        </test-method> <!-- teardown -->
      </class> <!-- Test_Main.TC04_MyOrder -->
    </test> <!-- Test -->
  </suite> <!-- AllTests -->
</testng-results>
