<?xml version="1.0" encoding="UTF-8"?>
<!-- Generated by org.testng.reporters.JUnitXMLReporter -->
<testsuite ignored="0" hostname="DESKTOP-UD10CJI" failures="0" tests="12" name="Test" time="39.748" errors="0" timestamp="2024-07-16T04:09:07 CEST">
  <testcase classname="pageObj_Main.TC_All" name="username" time="4.459"/>
  <testcase classname="pageObj_Main.TC_All" name="cart" time="9.331"/>
  <testcase classname="pageObj_Main.TC_All" name="clickCart" time="3.101"/>
  <testcase classname="pageObj_Main.TC_All" name="confirm" time="0.034"/>
  <testcase classname="pageObj_Main.TC_All" name="allitems" time="0.173"/>
  <testcase classname="pageObj_Main.TC_All" name="Checkout" time="2.487"/>
  <testcase classname="pageObj_Main.TC_All" name="Email" time="0.161"/>
  <testcase classname="pageObj_Main.TC_All" name="ccCard" time="0.433"/>
  <testcase classname="pageObj_Main.TC_All" name="CMonth" time="0.508"/>
  <testcase classname="pageObj_Main.TC_All" name="cardCVV" time="2.721"/>
  <testcase classname="Test_Main.TC001_LogIn" name="username" time="2.302"/>
  <testcase classname="Test_Main.TC001_LogIn" name="HomeBtn" time="2.122"/>
</testsuite> <!-- Test -->
